app/build/intermediates/manifest_merge_blame_file/debug/manifest-merger-blame-debug-report.txt
1<?xml version="1.0" encoding="utf-8"?>
2<manifest xmlns:android="http://schemas.android.com/apk/res/android"
3    package="com.example.proyectoauto"
4    android:versionCode="1"
5    android:versionName="1.0" >
6
7    <uses-sdk
8        android:minSdkVersion="21"
8-->src\main\AndroidManifest.xml
9        android:targetSdkVersion="31" />
9-->src\main\AndroidManifest.xml
10
11    <application
11-->src\main\AndroidManifest.xml:5:5-11:53
12        android:allowBackup="true"
12-->src\main\AndroidManifest.xml:6:9-35
13        android:appComponentFactory="androidx.core.app.CoreComponentFactory"
13-->[androidx.core:core:1.7.0] AndroidManifest.xml:24:18-86
14        android:debuggable="true"
15        android:icon="@mipmap/ic_launcher"
15-->src\main\AndroidManifest.xml:7:9-43
16        android:label="@string/app_name"
16-->src\main\AndroidManifest.xml:8:9-41
17        android:roundIcon="@mipmap/ic_launcher_round"
17-->src\main\AndroidManifest.xml:9:9-54
18        android:supportsRtl="true"
18-->src\main\AndroidManifest.xml:10:9-35
19        android:testOnly="true"
20        android:theme="@style/Theme.ProyectoAuto" >
20-->src\main\AndroidManifest.xml:11:9-50
21        <provider
21-->[androidx.emoji2:emoji2:1.0.0] AndroidManifest.xml:26:9-34:20
22            android:name="androidx.startup.InitializationProvider"
22-->[androidx.emoji2:emoji2:1.0.0] AndroidManifest.xml:27:13-67
23            android:authorities="com.example.proyectoauto.androidx-startup"
23-->[androidx.emoji2:emoji2:1.0.0] AndroidManifest.xml:28:13-68
24            android:exported="false" >
24-->[androidx.emoji2:emoji2:1.0.0] AndroidManifest.xml:29:13-37
25            <meta-data
25-->[androidx.emoji2:emoji2:1.0.0] AndroidManifest.xml:31:13-33:52
26                android:name="androidx.emoji2.text.EmojiCompatInitializer"
26-->[androidx.emoji2:emoji2:1.0.0] AndroidManifest.xml:32:17-75
27                android:value="androidx.startup" />
27-->[androidx.emoji2:emoji2:1.0.0] AndroidManifest.xml:33:17-49
28            <meta-data
28-->[androidx.lifecycle:lifecycle-process:2.4.0] AndroidManifest.xml:31:13-33:52
29                android:name="androidx.lifecycle.ProcessLifecycleInitializer"
29-->[androidx.lifecycle:lifecycle-process:2.4.0] AndroidManifest.xml:32:17-78
30                android:value="androidx.startup" />
30-->[androidx.lifecycle:lifecycle-process:2.4.0] AndroidManifest.xml:33:17-49
31        </provider>
32    </application>
33
34</manifest>